<?xml version="1.0" encoding="UTF-8"?>
<!DOCTYPE html PUBLIC "-//W3C//DTD XHTML 1.0 Strict//EN" "http://www.w3.org/TR/xhtml1/DTD/xhtml1-strict.dtd">
<html xmlns="http://www.w3.org/1999/xhtml">
<head>
    <title>Unit Test Report</title>
    <meta name="generator" content="HTMLTestRunner 0.8.2"/>
    <meta http-equiv="Content-Type" content="text/html; charset=UTF-8"/>
    
<style type="text/css" media="screen">
body        { font-family: verdana, arial, helvetica, sans-serif; font-size: 80%; }
table       { font-size: 100%; }
pre         { }

/* -- heading ---------------------------------------------------------------------- */
h1 {
	font-size: 16pt;
	color: gray;
}
.heading {
    margin-top: 0ex;
    margin-bottom: 1ex;
}

.heading .attribute {
    margin-top: 1ex;
    margin-bottom: 0;
}

.heading .description {
    margin-top: 4ex;
    margin-bottom: 6ex;
}

/* -- css div popup ------------------------------------------------------------------------ */
a.popup_link {
}

a.popup_link:hover {
    color: red;
}

.popup_window {
    display: none;
    position: relative;
    left: 0px;
    top: 0px;
    /*border: solid #627173 1px; */
    padding: 10px;
    background-color: #E6E6D6;
    font-family: "Lucida Console", "Courier New", Courier, monospace;
    text-align: left;
    font-size: 8pt;
    width: 500px;
}

}
/* -- report ------------------------------------------------------------------------ */
#show_detail_line {
    margin-top: 3ex;
    margin-bottom: 1ex;
}
#result_table {
    width: 80%;
    border-collapse: collapse;
    border: 1px solid #777;
}
#header_row {
    font-weight: bold;
    color: white;
    background-color: #777;
}
#result_table td {
    border: 1px solid #777;
    padding: 2px;
}
#total_row  { font-weight: bold; }
.passClass  { background-color: #6c6; }
.failClass  { background-color: #c60; }
.errorClass { background-color: #c00; }
.passCase   { color: #6c6; }
.failCase   { color: #c60; font-weight: bold; }
.errorCase  { color: #c00; font-weight: bold; }
.hiddenRow  { display: none; }
.testcase   { margin-left: 2em; }


/* -- ending ---------------------------------------------------------------------- */
#ending {
}

</style>

</head>
<body>
<script language="javascript" type="text/javascript"><!--
output_list = Array();

/* level - 0:Summary; 1:Failed; 2:All */
function showCase(level) {
    trs = document.getElementsByTagName("tr");
    for (var i = 0; i < trs.length; i++) {
        tr = trs[i];
        id = tr.id;
        if (id.substr(0,2) == 'ft') {
            if (level < 1) {
                tr.className = 'hiddenRow';
            }
            else {
                tr.className = '';
            }
        }
        if (id.substr(0,2) == 'pt') {
            if (level > 1) {
                tr.className = '';
            }
            else {
                tr.className = 'hiddenRow';
            }
        }
    }
}


function showClassDetail(cid, count) {
    var id_list = Array(count);
    var toHide = 1;
    for (var i = 0; i < count; i++) {
        tid0 = 't' + cid.substr(1) + '.' + (i+1);
        tid = 'f' + tid0;
        tr = document.getElementById(tid);
        if (!tr) {
            tid = 'p' + tid0;
            tr = document.getElementById(tid);
        }
        id_list[i] = tid;
        if (tr.className) {
            toHide = 0;
        }
    }
    for (var i = 0; i < count; i++) {
        tid = id_list[i];
        if (toHide) {
            document.getElementById('div_'+tid).style.display = 'none'
            document.getElementById(tid).className = 'hiddenRow';
        }
        else {
            document.getElementById(tid).className = '';
        }
    }
}


function showTestDetail(div_id){
    var details_div = document.getElementById(div_id)
    var displayState = details_div.style.display
    // alert(displayState)
    if (displayState != 'block' ) {
        displayState = 'block'
        details_div.style.display = 'block'
    }
    else {
        details_div.style.display = 'none'
    }
}


function html_escape(s) {
    s = s.replace(/&/g,'&amp;');
    s = s.replace(/</g,'&lt;');
    s = s.replace(/>/g,'&gt;');
    return s;
}

/* obsoleted by detail in <div>
function showOutput(id, name) {
    var w = window.open("", //url
                    name,
                    "resizable,scrollbars,status,width=800,height=450");
    d = w.document;
    d.write("<pre>");
    d.write(html_escape(output_list[id]));
    d.write("\n");
    d.write("<a href='javascript:window.close()'>close</a>\n");
    d.write("</pre>\n");
    d.close();
}
*/
--></script>

<div class='heading'>
<h1>Unit Test Report</h1>
<p class='attribute'><strong>Start Time:</strong> 2020-04-09 21:45:13</p>
<p class='attribute'><strong>Duration:</strong> 0:00:00.614036</p>
<p class='attribute'><strong>Status:</strong> Pass 9 Failure 11</p>

<p class='description'></p>
</div>



<p id='show_detail_line'>Show
<a href='javascript:showCase(0)'>Summary</a>
<a href='javascript:showCase(1)'>Failed</a>
<a href='javascript:showCase(2)'>All</a>
</p>
<table id='result_table'>
<colgroup>
<col align='left' />
<col align='right' />
<col align='right' />
<col align='right' />
<col align='right' />
<col align='right' />
</colgroup>
<tr id='header_row'>
    <td>Test Group/Test case</td>
    <td>Count</td>
    <td>Pass</td>
    <td>Fail</td>
    <td>Error</td>
    <td>View</td>
</tr>

<tr class='failClass'>
    <td>woniuboss2.bin.test_enterprise.TestEnterprise</td>
    <td>2</td>
    <td>1</td>
    <td>1</td>
    <td>0</td>
    <td><a href="javascript:showClassDetail('c1',2)">Detail</a></td>
</tr>

<tr id='ft1.1' class='none'>
    <td class='failCase'><div class='testcase'>test_add_company_0_http_192_168_0_105_8080_WoniuBoss2_5_enterprise_companySearch_companyName_</div></td>
    <td colspan='5' align='center'>

    <!--css div popup start-->
    <a class="popup_link" onfocus='this.blur();' href="javascript:showTestDetail('div_ft1.1')" >
        fail</a>

    <div id='div_ft1.1' class="popup_window">
        <div style='text-align: right; color:red;cursor:pointer'>
        <a onfocus='this.blur();' onclick="document.getElementById('div_ft1.1').style.display = 'none' " >
           [x]</a>
        </div>
        <pre>
        
ft1.1: Traceback (most recent call last):
  File "D:\python\lib\site-packages\parameterized\parameterized.py", line 518, in standalone_func
    return func(*(a + p.args), **p.kwargs)
  File "C:\Users\Administrator\PycharmProjects\025_胡官淼\woniuboss2\bin\test_enterprise.py", line 35, in test_add_company
    self.assertEqual(actual, content)
AssertionError: '{"totalRow":8,"pageNumber":1,"firstPage":[1282 chars]"}]}' != 'totalRow 6\npageNumber 1\nfirstPage true\[1008 chars]"老黄"'
Diff is 2333 characters long. Set self.maxDiff to None to see it.
Traceback (most recent call last):
  File "D:\python\lib\site-packages\parameterized\parameterized.py", line 518, in standalone_func
    return func(*(a + p.args), **p.kwargs)
  File "C:\Users\Administrator\PycharmProjects\025_胡官淼\woniuboss2\bin\test_enterprise.py", line 35, in test_add_company
    self.assertEqual(actual, content)
AssertionError: '{"totalRow":8,"pageNumber":1,"firstPage":[1282 chars]"}]}' != 'totalRow 6\npageNumber 1\nfirstPage true\[1008 chars]"老黄"'
Diff is 2333 characters long. Set self.maxDiff to None to see it.


        </pre>
    </div>
    <!--css div popup end-->

    </td>
</tr>

<tr id='pt1.2' class='hiddenRow'>
    <td class='none'><div class='testcase'>test_query_etprs_0_http_192_168_0_105_8080_WoniuBoss2_5_enterprise_addEnterp_ent_ent_name_jdjaop_ent_ent_category_E5_9E_83_E5_9C_BE_ent_ent_addr_dad_ent_ent_header_dwda_ent_tel_45789865_ent_email_ent_qq_</div></td>
    <td colspan='5' align='center'>

    <!--css div popup start-->
    <a class="popup_link" onfocus='this.blur();' href="javascript:showTestDetail('div_pt1.2')" >
        pass</a>

    <div id='div_pt1.2' class="popup_window">
        <div style='text-align: right; color:red;cursor:pointer'>
        <a onfocus='this.blur();' onclick="document.getElementById('div_pt1.2').style.display = 'none' " >
           [x]</a>
        </div>
        <pre>
        
pt1.2: 

        </pre>
    </div>
    <!--css div popup end-->

    </td>
</tr>

<tr class='failClass'>
    <td>woniuboss2.bin.test_training.TestTrain</td>
    <td>12</td>
    <td>5</td>
    <td>7</td>
    <td>0</td>
    <td><a href="javascript:showClassDetail('c2',12)">Detail</a></td>
</tr>

<tr id='pt2.1' class='hiddenRow'>
    <td class='none'><div class='testcase'>test_Modify_information_0_http_192_168_0_105_8080_WoniuBoss2_5_resource_modifyCusInfo</div></td>
    <td colspan='5' align='center'>pass</td>
</tr>

<tr id='pt2.2' class='hiddenRow'>
    <td class='none'><div class='testcase'>test_Proportionate_distribution_0_http_192_168_0_105_8080_WoniuBoss2_5_allot_allotProportion</div></td>
    <td colspan='5' align='center'>pass</td>
</tr>

<tr id='pt2.3' class='hiddenRow'>
    <td class='none'><div class='testcase'>test_Public_claim_0_http_192_168_0_105_8080_WoniuBoss2_5_public_ownResource</div></td>
    <td colspan='5' align='center'>pass</td>
</tr>

<tr id='ft2.4' class='none'>
    <td class='failCase'><div class='testcase'>test_Public_query_0_http_192_168_0_105_8080_WoniuBoss2_5_public_queryCusByInfo</div></td>
    <td colspan='5' align='center'>

    <!--css div popup start-->
    <a class="popup_link" onfocus='this.blur();' href="javascript:showTestDetail('div_ft2.4')" >
        fail</a>

    <div id='div_ft2.4' class="popup_window">
        <div style='text-align: right; color:red;cursor:pointer'>
        <a onfocus='this.blur();' onclick="document.getElementById('div_ft2.4').style.display = 'none' " >
           [x]</a>
        </div>
        <pre>
        
ft2.4: Traceback (most recent call last):
  File "D:\python\lib\site-packages\parameterized\parameterized.py", line 518, in standalone_func
    return func(*(a + p.args), **p.kwargs)
  File "C:\Users\Administrator\PycharmProjects\025_胡官淼\woniuboss2\bin\test_training.py", line 110, in test_Public_query
    self.assertEqual(actual, content)
AssertionError: '{"totalRow":0,"pageNumber":1,"firstPage":[55 chars]:[]}' != 'totalRow 1\npageNumber 1\nfirstPage true\[391 chars]6/6"'
- {"totalRow":0,"pageNumber":1,"firstPage":true,"lastPage":true,"totalPage":0,"pageSize":10,"list":[]}
+ totalRow 1
pageNumber 1
firstPage true
lastPage true
totalPage 1
pageSize 10
list […]
0 {…}
work_id null
education "本科"
create_time "2017-05-17"
last_status "无意向"
employee_name "郑雪娇"
source "专属"
last_tracking_remark "找其他方面的工作，不考虑培训"
abandon_time "2018-07-13"
major "信息管理与信息系统"
school "四川农业大学"
name "谭景焘"
last_tracking "2018-07-13"
tel "9D6657CBE79A25E60E4E0650C29F1830"
customer_id 498476
region "成都"
age "1996/6"

Traceback (most recent call last):
  File "D:\python\lib\site-packages\parameterized\parameterized.py", line 518, in standalone_func
    return func(*(a + p.args), **p.kwargs)
  File "C:\Users\Administrator\PycharmProjects\025_胡官淼\woniuboss2\bin\test_training.py", line 110, in test_Public_query
    self.assertEqual(actual, content)
AssertionError: '{"totalRow":0,"pageNumber":1,"firstPage":[55 chars]:[]}' != 'totalRow 1\npageNumber 1\nfirstPage true\[391 chars]6/6"'
- {"totalRow":0,"pageNumber":1,"firstPage":true,"lastPage":true,"totalPage":0,"pageSize":10,"list":[]}
+ totalRow 1
pageNumber 1
firstPage true
lastPage true
totalPage 1
pageSize 10
list […]
0 {…}
work_id null
education "本科"
create_time "2017-05-17"
last_status "无意向"
employee_name "郑雪娇"
source "专属"
last_tracking_remark "找其他方面的工作，不考虑培训"
abandon_time "2018-07-13"
major "信息管理与信息系统"
school "四川农业大学"
name "谭景焘"
last_tracking "2018-07-13"
tel "9D6657CBE79A25E60E4E0650C29F1830"
customer_id 498476
region "成都"
age "1996/6"



        </pre>
    </div>
    <!--css div popup end-->

    </td>
</tr>

<tr id='ft2.5' class='none'>
    <td class='failCase'><div class='testcase'>test_Track_resources_0_http_192_168_0_105_8080_WoniuBoss2_5_resource</div></td>
    <td colspan='5' align='center'>

    <!--css div popup start-->
    <a class="popup_link" onfocus='this.blur();' href="javascript:showTestDetail('div_ft2.5')" >
        fail</a>

    <div id='div_ft2.5' class="popup_window">
        <div style='text-align: right; color:red;cursor:pointer'>
        <a onfocus='this.blur();' onclick="document.getElementById('div_ft2.5').style.display = 'none' " >
           [x]</a>
        </div>
        <pre>
        
ft2.5: Traceback (most recent call last):
  File "D:\python\lib\site-packages\parameterized\parameterized.py", line 518, in standalone_func
    return func(*(a + p.args), **p.kwargs)
  File "C:\Users\Administrator\PycharmProjects\025_胡官淼\woniuboss2\bin\test_training.py", line 53, in test_Track_resources
    self.assertEqual(actual, content)
AssertionError: '&lt;!DOCTYPE html&gt;\n&lt;html&gt;\n\n\t&lt;head&gt;\n\t\t[83652 chars]tml&gt;' != '{…}\nqq=\nwork_id "WNCD011"\neducation "本[334 chars]已报名"'
Traceback (most recent call last):
  File "D:\python\lib\site-packages\parameterized\parameterized.py", line 518, in standalone_func
    return func(*(a + p.args), **p.kwargs)
  File "C:\Users\Administrator\PycharmProjects\025_胡官淼\woniuboss2\bin\test_training.py", line 53, in test_Track_resources
    self.assertEqual(actual, content)
AssertionError: '&lt;!DOCTYPE html&gt;\n&lt;html&gt;\n\n\t&lt;head&gt;\n\t\t[83652 chars]tml&gt;' != '{…}\nqq=\nwork_id "WNCD011"\neducation "本[334 chars]已报名"'


        </pre>
    </div>
    <!--css div popup end-->

    </td>
</tr>

<tr id='ft2.6' class='none'>
    <td class='failCase'><div class='testcase'>test_add_information_0_http_192_168_0_105_8080_WoniuBoss2_5_cons_addCus</div></td>
    <td colspan='5' align='center'>

    <!--css div popup start-->
    <a class="popup_link" onfocus='this.blur();' href="javascript:showTestDetail('div_ft2.6')" >
        fail</a>

    <div id='div_ft2.6' class="popup_window">
        <div style='text-align: right; color:red;cursor:pointer'>
        <a onfocus='this.blur();' onclick="document.getElementById('div_ft2.6').style.display = 'none' " >
           [x]</a>
        </div>
        <pre>
        
ft2.6: Traceback (most recent call last):
  File "D:\python\lib\site-packages\parameterized\parameterized.py", line 518, in standalone_func
    return func(*(a + p.args), **p.kwargs)
  File "C:\Users\Administrator\PycharmProjects\025_胡官淼\woniuboss2\bin\test_training.py", line 67, in test_add_information
    self.assertEqual(actual, content)
AssertionError: '新增失败.' != '新增成功.'
- 新增失败.
+ 新增成功.

Traceback (most recent call last):
  File "D:\python\lib\site-packages\parameterized\parameterized.py", line 518, in standalone_func
    return func(*(a + p.args), **p.kwargs)
  File "C:\Users\Administrator\PycharmProjects\025_胡官淼\woniuboss2\bin\test_training.py", line 67, in test_add_information
    self.assertEqual(actual, content)
AssertionError: '新增失败.' != '新增成功.'
- 新增失败.
+ 新增成功.



        </pre>
    </div>
    <!--css div popup end-->

    </td>
</tr>

<tr id='ft2.7' class='none'>
    <td class='failCase'><div class='testcase'>test_distribution_query_0_http_192_168_0_105_8080_WoniuBoss2_5_allot_queryResources</div></td>
    <td colspan='5' align='center'>

    <!--css div popup start-->
    <a class="popup_link" onfocus='this.blur();' href="javascript:showTestDetail('div_ft2.7')" >
        fail</a>

    <div id='div_ft2.7' class="popup_window">
        <div style='text-align: right; color:red;cursor:pointer'>
        <a onfocus='this.blur();' onclick="document.getElementById('div_ft2.7').style.display = 'none' " >
           [x]</a>
        </div>
        <pre>
        
ft2.7: Traceback (most recent call last):
  File "D:\python\lib\site-packages\parameterized\parameterized.py", line 518, in standalone_func
    return func(*(a + p.args), **p.kwargs)
  File "C:\Users\Administrator\PycharmProjects\025_胡官淼\woniuboss2\bin\test_training.py", line 96, in test_distribution_query
    self.assertEqual(actual, content)
AssertionError: '{"totalRow":0,"pageNumber":1,"firstPage":[55 chars]:[]}' != 'totalRow 0\npageNumber 1\nfirstPage true\[45 chars]t []'
- {"totalRow":0,"pageNumber":1,"firstPage":true,"lastPage":true,"totalPage":0,"pageSize":10,"list":[]}
? --        ^^ ^^          ^^ ^^         ^^    ^^        ^^    ^^         ^^ ^^        ^^  ^^    ^^  -
+ totalRow 0
pageNumber 1
firstPage true
lastPage true
totalPage 0
pageSize 10
list []
?         ^ ^          ^ ^         ^    ^        ^    ^         ^ ^        ^  ^    ^

Traceback (most recent call last):
  File "D:\python\lib\site-packages\parameterized\parameterized.py", line 518, in standalone_func
    return func(*(a + p.args), **p.kwargs)
  File "C:\Users\Administrator\PycharmProjects\025_胡官淼\woniuboss2\bin\test_training.py", line 96, in test_distribution_query
    self.assertEqual(actual, content)
AssertionError: '{"totalRow":0,"pageNumber":1,"firstPage":[55 chars]:[]}' != 'totalRow 0\npageNumber 1\nfirstPage true\[45 chars]t []'
- {"totalRow":0,"pageNumber":1,"firstPage":true,"lastPage":true,"totalPage":0,"pageSize":10,"list":[]}
? --        ^^ ^^          ^^ ^^         ^^    ^^        ^^    ^^         ^^ ^^        ^^  ^^    ^^  -
+ totalRow 0
pageNumber 1
firstPage true
lastPage true
totalPage 0
pageSize 10
list []
?         ^ ^          ^ ^         ^    ^        ^    ^         ^ ^        ^  ^    ^



        </pre>
    </div>
    <!--css div popup end-->

    </td>
</tr>

<tr id='ft2.8' class='none'>
    <td class='failCase'><div class='testcase'>test_query_message_0_http_192_168_0_105_8080_WoniuBoss2_5_resource_queryCusByCusInfo</div></td>
    <td colspan='5' align='center'>

    <!--css div popup start-->
    <a class="popup_link" onfocus='this.blur();' href="javascript:showTestDetail('div_ft2.8')" >
        fail</a>

    <div id='div_ft2.8' class="popup_window">
        <div style='text-align: right; color:red;cursor:pointer'>
        <a onfocus='this.blur();' onclick="document.getElementById('div_ft2.8').style.display = 'none' " >
           [x]</a>
        </div>
        <pre>
        
ft2.8: Traceback (most recent call last):
  File "D:\python\lib\site-packages\parameterized\parameterized.py", line 518, in standalone_func
    return func(*(a + p.args), **p.kwargs)
  File "C:\Users\Administrator\PycharmProjects\025_胡官淼\woniuboss2\bin\test_training.py", line 39, in test_query_message
    self.assertEqual(actual, content)
AssertionError: '{"totalRow":2,"pageNumber":1,"firstPage":[732 chars]l}]}' != 'totalRow 2\npageNumber 1\nfirstPage true\[699 chars]null'
Diff is 1486 characters long. Set self.maxDiff to None to see it.
Traceback (most recent call last):
  File "D:\python\lib\site-packages\parameterized\parameterized.py", line 518, in standalone_func
    return func(*(a + p.args), **p.kwargs)
  File "C:\Users\Administrator\PycharmProjects\025_胡官淼\woniuboss2\bin\test_training.py", line 39, in test_query_message
    self.assertEqual(actual, content)
AssertionError: '{"totalRow":2,"pageNumber":1,"firstPage":[732 chars]l}]}' != 'totalRow 2\npageNumber 1\nfirstPage true\[699 chars]null'
Diff is 1486 characters long. Set self.maxDiff to None to see it.


        </pre>
    </div>
    <!--css div popup end-->

    </td>
</tr>

<tr id='pt2.9' class='hiddenRow'>
    <td class='none'><div class='testcase'>test_query_resume_0_http_192_168_0_105_8080_WoniuBoss2_5_resource_showResumeById</div></td>
    <td colspan='5' align='center'>pass</td>
</tr>

<tr id='pt2.10' class='hiddenRow'>
    <td class='none'><div class='testcase'>test_transfer_commit_0_http_192_168_0_105_8080_WoniuBoss2_5_transmit_updateTransmit</div></td>
    <td colspan='5' align='center'>pass</td>
</tr>

<tr id='ft2.11' class='none'>
    <td class='failCase'><div class='testcase'>test_transfer_query_0_http_192_168_0_105_8080_WoniuBoss2_5_transmit_queryResourcesByInfo</div></td>
    <td colspan='5' align='center'>

    <!--css div popup start-->
    <a class="popup_link" onfocus='this.blur();' href="javascript:showTestDetail('div_ft2.11')" >
        fail</a>

    <div id='div_ft2.11' class="popup_window">
        <div style='text-align: right; color:red;cursor:pointer'>
        <a onfocus='this.blur();' onclick="document.getElementById('div_ft2.11').style.display = 'none' " >
           [x]</a>
        </div>
        <pre>
        
ft2.11: Traceback (most recent call last):
  File "D:\python\lib\site-packages\parameterized\parameterized.py", line 518, in standalone_func
    return func(*(a + p.args), **p.kwargs)
  File "C:\Users\Administrator\PycharmProjects\025_胡官淼\woniuboss2\bin\test_training.py", line 75, in test_transfer_query
    self.assertEqual(actual, content)
AssertionError: '{"totalRow":66,"pageNumber":1,"firstPage"[2243 chars]"}]}' != 'totalRow 66\npageNumber 1\nfirstPage true[2162 chars]emp"'
Diff is 4356 characters long. Set self.maxDiff to None to see it.
Traceback (most recent call last):
  File "D:\python\lib\site-packages\parameterized\parameterized.py", line 518, in standalone_func
    return func(*(a + p.args), **p.kwargs)
  File "C:\Users\Administrator\PycharmProjects\025_胡官淼\woniuboss2\bin\test_training.py", line 75, in test_transfer_query
    self.assertEqual(actual, content)
AssertionError: '{"totalRow":66,"pageNumber":1,"firstPage"[2243 chars]"}]}' != 'totalRow 66\npageNumber 1\nfirstPage true[2162 chars]emp"'
Diff is 4356 characters long. Set self.maxDiff to None to see it.


        </pre>
    </div>
    <!--css div popup end-->

    </td>
</tr>

<tr id='ft2.12' class='none'>
    <td class='failCase'><div class='testcase'>test_transfer_view_0_http_192_168_0_105_8080_WoniuBoss2_5_resource_showResumeById</div></td>
    <td colspan='5' align='center'>

    <!--css div popup start-->
    <a class="popup_link" onfocus='this.blur();' href="javascript:showTestDetail('div_ft2.12')" >
        fail</a>

    <div id='div_ft2.12' class="popup_window">
        <div style='text-align: right; color:red;cursor:pointer'>
        <a onfocus='this.blur();' onclick="document.getElementById('div_ft2.12').style.display = 'none' " >
           [x]</a>
        </div>
        <pre>
        
ft2.12: Traceback (most recent call last):
  File "D:\python\lib\site-packages\parameterized\parameterized.py", line 518, in standalone_func
    return func(*(a + p.args), **p.kwargs)
  File "C:\Users\Administrator\PycharmProjects\025_胡官淼\woniuboss2\bin\test_training.py", line 82, in test_transfer_view
    self.assertEqual(actual, content)
AssertionError: '{"education":"本科","source":"专属","experien[776 chars]/6"}' != 'education "本科"\nsource "专属"\nexperience n[721 chars]6/6"'
Diff is 1557 characters long. Set self.maxDiff to None to see it.
Traceback (most recent call last):
  File "D:\python\lib\site-packages\parameterized\parameterized.py", line 518, in standalone_func
    return func(*(a + p.args), **p.kwargs)
  File "C:\Users\Administrator\PycharmProjects\025_胡官淼\woniuboss2\bin\test_training.py", line 82, in test_transfer_view
    self.assertEqual(actual, content)
AssertionError: '{"education":"本科","source":"专属","experien[776 chars]/6"}' != 'education "本科"\nsource "专属"\nexperience n[721 chars]6/6"'
Diff is 1557 characters long. Set self.maxDiff to None to see it.


        </pre>
    </div>
    <!--css div popup end-->

    </td>
</tr>

<tr class='failClass'>
    <td>woniuboss2.bin.test_employment.TestEmployment</td>
    <td>2</td>
    <td>1</td>
    <td>1</td>
    <td>0</td>
    <td><a href="javascript:showClassDetail('c3',2)">Detail</a></td>
</tr>

<tr id='ft3.1' class='none'>
    <td class='failCase'><div class='testcase'>test_Interview_0_http_192_168_0_105_8080_WoniuBoss2_5_interview_queryMockRe_stuId_584</div></td>
    <td colspan='5' align='center'>

    <!--css div popup start-->
    <a class="popup_link" onfocus='this.blur();' href="javascript:showTestDetail('div_ft3.1')" >
        fail</a>

    <div id='div_ft3.1' class="popup_window">
        <div style='text-align: right; color:red;cursor:pointer'>
        <a onfocus='this.blur();' onclick="document.getElementById('div_ft3.1').style.display = 'none' " >
           [x]</a>
        </div>
        <pre>
        
ft3.1: Traceback (most recent call last):
  File "D:\python\lib\site-packages\parameterized\parameterized.py", line 518, in standalone_func
    return func(*(a + p.args), **p.kwargs)
  File "C:\Users\Administrator\PycharmProjects\025_胡官淼\woniuboss2\bin\test_employment.py", line 33, in test_Interview
    self.assertEqual(actual, content)
AssertionError: '' != 'totalRow 1\npageNumber 1\nfirstPage true\[138 chars]住重点"'
+ totalRow 1
+ pageNumber 1
+ firstPage true
+ lastPage true
+ totalPage 1
+ pageSize 50
+ list […]
+ 0 {…}
+ comm "差"
+ pass_time "2018-04-08 14:38"
+ intent_salary "4"
+ remark "不自信，表达力差，把握不住重点"
Traceback (most recent call last):
  File "D:\python\lib\site-packages\parameterized\parameterized.py", line 518, in standalone_func
    return func(*(a + p.args), **p.kwargs)
  File "C:\Users\Administrator\PycharmProjects\025_胡官淼\woniuboss2\bin\test_employment.py", line 33, in test_Interview
    self.assertEqual(actual, content)
AssertionError: '' != 'totalRow 1\npageNumber 1\nfirstPage true\[138 chars]住重点"'
+ totalRow 1
+ pageNumber 1
+ firstPage true
+ lastPage true
+ totalPage 1
+ pageSize 50
+ list […]
+ 0 {…}
+ comm "差"
+ pass_time "2018-04-08 14:38"
+ intent_salary "4"
+ remark "不自信，表达力差，把握不住重点"


        </pre>
    </div>
    <!--css div popup end-->

    </td>
</tr>

<tr id='pt3.2' class='hiddenRow'>
    <td class='none'><div class='testcase'>test_obtainEmployment_0_http_192_168_0_105_8080_WoniuBoss2_5_enterprise_addEnterp_ent_ent_name_jdjaop_ent_ent_category_E5_9E_83_E5_9C_BE_ent_ent_addr_dad_ent_ent_header_dwda_ent_tel_45789865_ent_email_ent_qq_</div></td>
    <td colspan='5' align='center'>

    <!--css div popup start-->
    <a class="popup_link" onfocus='this.blur();' href="javascript:showTestDetail('div_pt3.2')" >
        pass</a>

    <div id='div_pt3.2' class="popup_window">
        <div style='text-align: right; color:red;cursor:pointer'>
        <a onfocus='this.blur();' onclick="document.getElementById('div_pt3.2').style.display = 'none' " >
           [x]</a>
        </div>
        <pre>
        
pt3.2: 

        </pre>
    </div>
    <!--css div popup end-->

    </td>
</tr>

<tr class='failClass'>
    <td>woniuboss2.bin.test_finance.TestFinance</td>
    <td>4</td>
    <td>2</td>
    <td>2</td>
    <td>0</td>
    <td><a href="javascript:showClassDetail('c4',4)">Detail</a></td>
</tr>

<tr id='ft4.1' class='none'>
    <td class='failCase'><div class='testcase'>test_Query_lastmonth_0_http_192_168_0_105_8080_WoniuBoss2_5_finance_financeSelectLastMonthAll</div></td>
    <td colspan='5' align='center'>

    <!--css div popup start-->
    <a class="popup_link" onfocus='this.blur();' href="javascript:showTestDetail('div_ft4.1')" >
        fail</a>

    <div id='div_ft4.1' class="popup_window">
        <div style='text-align: right; color:red;cursor:pointer'>
        <a onfocus='this.blur();' onclick="document.getElementById('div_ft4.1').style.display = 'none' " >
           [x]</a>
        </div>
        <pre>
        
ft4.1: Traceback (most recent call last):
  File "D:\python\lib\site-packages\parameterized\parameterized.py", line 518, in standalone_func
    return func(*(a + p.args), **p.kwargs)
  File "C:\Users\Administrator\PycharmProjects\025_胡官淼\woniuboss2\bin\test_finance.py", line 54, in test_Query_lastmonth
    self.assertEqual(actual, content)
AssertionError: '{"totalRow":0,"pageNumber":1,"firstPage":[55 chars]:[]}' != 'totalRow 0\npageNumber 1\nfirstPage true\[45 chars]t []'
- {"totalRow":0,"pageNumber":1,"firstPage":true,"lastPage":true,"totalPage":0,"pageSize":10,"list":[]}
? --        ^^ ^^          ^^ ^^         ^^    ^^        ^^    ^^         ^^ ^^        ^^  ^^    ^^  -
+ totalRow 0
pageNumber 1
firstPage true
lastPage true
totalPage 0
pageSize 10
list []
?         ^ ^          ^ ^         ^    ^        ^    ^         ^ ^        ^  ^    ^

Traceback (most recent call last):
  File "D:\python\lib\site-packages\parameterized\parameterized.py", line 518, in standalone_func
    return func(*(a + p.args), **p.kwargs)
  File "C:\Users\Administrator\PycharmProjects\025_胡官淼\woniuboss2\bin\test_finance.py", line 54, in test_Query_lastmonth
    self.assertEqual(actual, content)
AssertionError: '{"totalRow":0,"pageNumber":1,"firstPage":[55 chars]:[]}' != 'totalRow 0\npageNumber 1\nfirstPage true\[45 chars]t []'
- {"totalRow":0,"pageNumber":1,"firstPage":true,"lastPage":true,"totalPage":0,"pageSize":10,"list":[]}
? --        ^^ ^^          ^^ ^^         ^^    ^^        ^^    ^^         ^^ ^^        ^^  ^^    ^^  -
+ totalRow 0
pageNumber 1
firstPage true
lastPage true
totalPage 0
pageSize 10
list []
?         ^ ^          ^ ^         ^    ^        ^    ^         ^ ^        ^  ^    ^



        </pre>
    </div>
    <!--css div popup end-->

    </td>
</tr>

<tr id='ft4.2' class='none'>
    <td class='failCase'><div class='testcase'>test_Query_thismonth_0_http_192_168_0_105_8080_WoniuBoss2_5_finance_financeSelectThisMonthAll</div></td>
    <td colspan='5' align='center'>

    <!--css div popup start-->
    <a class="popup_link" onfocus='this.blur();' href="javascript:showTestDetail('div_ft4.2')" >
        fail</a>

    <div id='div_ft4.2' class="popup_window">
        <div style='text-align: right; color:red;cursor:pointer'>
        <a onfocus='this.blur();' onclick="document.getElementById('div_ft4.2').style.display = 'none' " >
           [x]</a>
        </div>
        <pre>
        
ft4.2: Traceback (most recent call last):
  File "D:\python\lib\site-packages\parameterized\parameterized.py", line 518, in standalone_func
    return func(*(a + p.args), **p.kwargs)
  File "C:\Users\Administrator\PycharmProjects\025_胡官淼\woniuboss2\bin\test_finance.py", line 61, in test_Query_thismonth
    self.assertEqual(actual, content)
AssertionError: '{"totalRow":2,"pageNumber":1,"firstPage":[797 chars]"}]}' != 'totalRow 1\npageNumber 1\nfirstPage true\[410 chars]800"'
Diff is 1281 characters long. Set self.maxDiff to None to see it.
Traceback (most recent call last):
  File "D:\python\lib\site-packages\parameterized\parameterized.py", line 518, in standalone_func
    return func(*(a + p.args), **p.kwargs)
  File "C:\Users\Administrator\PycharmProjects\025_胡官淼\woniuboss2\bin\test_finance.py", line 61, in test_Query_thismonth
    self.assertEqual(actual, content)
AssertionError: '{"totalRow":2,"pageNumber":1,"firstPage":[797 chars]"}]}' != 'totalRow 1\npageNumber 1\nfirstPage true\[410 chars]800"'
Diff is 1281 characters long. Set self.maxDiff to None to see it.


        </pre>
    </div>
    <!--css div popup end-->

    </td>
</tr>

<tr id='pt4.3' class='hiddenRow'>
    <td class='none'><div class='testcase'>test_addFinancial_0_http_192_168_0_105_8080_WoniuBoss2_5_finance_financeSelectSome</div></td>
    <td colspan='5' align='center'>

    <!--css div popup start-->
    <a class="popup_link" onfocus='this.blur();' href="javascript:showTestDetail('div_pt4.3')" >
        pass</a>

    <div id='div_pt4.3' class="popup_window">
        <div style='text-align: right; color:red;cursor:pointer'>
        <a onfocus='this.blur();' onclick="document.getElementById('div_pt4.3').style.display = 'none' " >
           [x]</a>
        </div>
        <pre>
        
pt4.3: 

        </pre>
    </div>
    <!--css div popup end-->

    </td>
</tr>

<tr id='pt4.4' class='hiddenRow'>
    <td class='none'><div class='testcase'>test_payment_0_http_192_168_0_105_8080_WoniuBoss2_5_finance_saveStudentPay</div></td>
    <td colspan='5' align='center'>

    <!--css div popup start-->
    <a class="popup_link" onfocus='this.blur();' href="javascript:showTestDetail('div_pt4.4')" >
        pass</a>

    <div id='div_pt4.4' class="popup_window">
        <div style='text-align: right; color:red;cursor:pointer'>
        <a onfocus='this.blur();' onclick="document.getElementById('div_pt4.4').style.display = 'none' " >
           [x]</a>
        </div>
        <pre>
        
pt4.4: 

        </pre>
    </div>
    <!--css div popup end-->

    </td>
</tr>

<tr id='total_row'>
    <td>Total</td>
    <td>20</td>
    <td>9</td>
    <td>11</td>
    <td>0</td>
    <td>&nbsp;</td>
</tr>
</table>

<div id='ending'>&nbsp;</div>

</body>
</html>
